1597777715561	geckodriver	INFO	Listening on 127.0.0.1:43015
1597777715642	mozrunner::runner	INFO	Running command: "/usr/bin/firefox" "--marionette" "-headless" "-foreground" "-no-remote" "-profile" "/tmp/rust_mozprofilepoX6ei"
1597777715696	geckodriver	INFO	Listening on 127.0.0.1:36391
*** You are running in headless mode.
1597777715728	mozrunner::runner	INFO	Running command: "/usr/bin/firefox" "--marionette" "-headless" "-foreground" "-no-remote" "-profile" "/tmp/rust_mozprofileCYBuie"
*** You are running in headless mode.
console.error: SearchCache: "_readCacheFile: Error reading cache file:" (new Error("", "(unknown module)"))
1597777720741	geckodriver	INFO	Listening on 127.0.0.1:58351
1597777720816	geckodriver	INFO	Listening on 127.0.0.1:58671
console.error: SearchCache: "_readCacheFile: Error reading cache file:" (new Error("", "(unknown module)"))
1597777720843	mozrunner::runner	INFO	Running command: "/usr/bin/firefox" "--marionette" "-headless" "-foreground" "-no-remote" "-profile" "/tmp/rust_mozprofileYSBqSW"
1597777720884	mozrunner::runner	INFO	Running command: "/usr/bin/firefox" "--marionette" "-headless" "-foreground" "-no-remote" "-profile" "/tmp/rust_mozprofile9zCjgL"
*** You are running in headless mode.
1597777720938	geckodriver	INFO	Listening on 127.0.0.1:50493
*** You are running in headless mode.
1597777721048	geckodriver	INFO	Listening on 127.0.0.1:43819
1597777721158	mozrunner::runner	INFO	Running command: "/usr/bin/firefox" "--marionette" "-headless" "-foreground" "-no-remote" "-profile" "/tmp/rust_mozprofileOmG5Ky"
1597777721169	mozrunner::runner	INFO	Running command: "/usr/bin/firefox" "--marionette" "-headless" "-foreground" "-no-remote" "-profile" "/tmp/rust_mozprofileDkmmrj"
*** You are running in headless mode.
*** You are running in headless mode.
1597777721291	geckodriver	INFO	Listening on 127.0.0.1:48925
1597777721370	mozrunner::runner	INFO	Running command: "/usr/bin/firefox" "--marionette" "-headless" "-foreground" "-no-remote" "-profile" "/tmp/rust_mozprofilejRSyd3"
*** You are running in headless mode.
JavaScript error: resource://gre/modules/TelemetryUtils.jsm, line 159: TypeError: date is undefined
JavaScript error: resource://gre/modules/TelemetryUtils.jsm, line 159: TypeError: date is undefined
1597777726451	geckodriver	INFO	Listening on 127.0.0.1:53197
1597777726480	mozrunner::runner	INFO	Running command: "/usr/bin/firefox" "--marionette" "-headless" "-foreground" "-no-remote" "-profile" "/tmp/rust_mozprofiledx0diS"
*** You are running in headless mode.
1597777727276	Marionette	INFO	Listening on port 38113
1597777727622	Marionette	WARN	TLS certificate errors will be ignored for this session
1597777727888	Marionette	INFO	Listening on port 41903
1597777727961	Marionette	WARN	TLS certificate errors will be ignored for this session
1597777731605	geckodriver	INFO	Listening on 127.0.0.1:34439
console.error: SearchCache: "_readCacheFile: Error reading cache file:" (new Error("", "(unknown module)"))
1597777731677	mozrunner::runner	INFO	Running command: "/usr/bin/firefox" "--marionette" "-headless" "-foreground" "-no-remote" "-profile" "/tmp/rust_mozprofile2DlO8G"
console.error: SearchCache: "_readCacheFile: Error reading cache file:" (new Error("", "(unknown module)"))
*** You are running in headless mode.
console.error: SearchCache: "_readCacheFile: Error reading cache file:" (new Error("", "(unknown module)"))
console.error: SearchCache: "_readCacheFile: Error reading cache file:" (new Error("", "(unknown module)"))
console.error: SearchCache: "_readCacheFile: Error reading cache file:" (new Error("", "(unknown module)"))
JavaScript error: resource://gre/modules/TelemetryUtils.jsm, line 159: TypeError: date is undefined
JavaScript error: resource://gre/modules/TelemetryUtils.jsm, line 159: TypeError: date is undefined
JavaScript error: resource://gre/modules/TelemetryUtils.jsm, line 159: TypeError: date is undefined
1597777736848	geckodriver	INFO	Listening on 127.0.0.1:37747
1597777736912	mozrunner::runner	INFO	Running command: "/usr/bin/firefox" "--marionette" "-headless" "-foreground" "-no-remote" "-profile" "/tmp/rust_mozprofileJB9O6Z"
*** You are running in headless mode.
JavaScript error: resource://gre/modules/TelemetryUtils.jsm, line 159: TypeError: date is undefined
JavaScript error: resource://gre/modules/TelemetryUtils.jsm, line 159: TypeError: date is undefined
console.error: SearchCache: "_readCacheFile: Error reading cache file:" (new Error("", "(unknown module)"))
1597777743635	Marionette	INFO	Listening on port 45101
1597777743855	Marionette	INFO	Listening on port 33503
1597777743870	Marionette	INFO	Listening on port 42419
1597777743906	Marionette	WARN	TLS certificate errors will be ignored for this session
1597777743938	Marionette	WARN	TLS certificate errors will be ignored for this session
1597777743941	Marionette	WARN	TLS certificate errors will be ignored for this session
1597777744790	Marionette	INFO	Listening on port 36931
1597777744836	Marionette	WARN	TLS certificate errors will be ignored for this session
1597777745200	Marionette	INFO	Listening on port 33565
1597777745258	Marionette	WARN	TLS certificate errors will be ignored for this session
JavaScript warning: https://cfc-swc.gc.ca/build/js/jquery.min.js, line 2: Using //@ to indicate sourceMappingURL pragmas is deprecated. Use //# instead
JavaScript warning: https://cfc-swc.gc.ca/build/js/jquery.min.js, line 2: Using //@ to indicate sourceMappingURL pragmas is deprecated. Use //# instead
JavaScript warning: https://cfc-swc.gc.ca/build/js/jquery.min.js, line 2: Using //@ to indicate sourceMappingURL pragmas is deprecated. Use //# instead
JavaScript warning: https://cfc-swc.gc.ca/build/js/jquery.min.js, line 2: Using //@ to indicate sourceMappingURL pragmas is deprecated. Use //# instead
JavaScript warning: https://cfc-swc.gc.ca/build/js/jquerymobile/jquery.mobile.min.js, line 8: Using //@ to indicate sourceMappingURL pragmas is deprecated. Use //# instead
JavaScript warning: https://cfc-swc.gc.ca/build/js/jquerymobile/jquery.mobile.min.js, line 8: Using //@ to indicate sourceMappingURL pragmas is deprecated. Use //# instead
JavaScript error: resource://gre/modules/TelemetryUtils.jsm, line 159: TypeError: date is undefined
console.error: SearchCache: "_readCacheFile: Error reading cache file:" (new Error("", "(unknown module)"))
JavaScript error: resource://gre/modules/TelemetryUtils.jsm, line 159: TypeError: date is undefined
1597777757547	Marionette	INFO	Listening on port 37475
1597777757921	Marionette	WARN	TLS certificate errors will be ignored for this session
console.error: SearchCache: "_readCacheFile: Error reading cache file:" (new Error("", "(unknown module)"))
1597777764303	Marionette	INFO	Listening on port 38615
1597777764442	Marionette	WARN	TLS certificate errors will be ignored for this session
JavaScript error: resource://gre/modules/TelemetryUtils.jsm, line 159: TypeError: date is undefined
JavaScript warning: https://cfc-swc.gc.ca/build/js/jquery.min.js, line 2: Using //@ to indicate sourceMappingURL pragmas is deprecated. Use //# instead
JavaScript warning: https://cfc-swc.gc.ca/build/js/jquery.min.js, line 2: Using //@ to indicate sourceMappingURL pragmas is deprecated. Use //# instead
JavaScript warning: https://cfc-swc.gc.ca/build/js/jquerymobile/jquery.mobile.min.js, line 8: Using //@ to indicate sourceMappingURL pragmas is deprecated. Use //# instead
1597777768948	Marionette	INFO	Listening on port 35377
1597777769001	Marionette	WARN	TLS certificate errors will be ignored for this session
JavaScript warning: https://cfc-swc.gc.ca/build/js/jquery.min.js, line 2: Using //@ to indicate sourceMappingURL pragmas is deprecated. Use //# instead
JavaScript warning: https://cfc-swc.gc.ca/build/js/jquery.min.js, line 2: Using //@ to indicate sourceMappingURL pragmas is deprecated. Use //# instead
JavaScript warning: https://cfc-swc.gc.ca/build/js/jquerymobile/jquery.mobile.min.js, line 8: Using //@ to indicate sourceMappingURL pragmas is deprecated. Use //# instead
1597777796549	Marionette	INFO	Stopped listening on port 38113
1597777801833	Marionette	INFO	Stopped listening on port 36931
1597777807863	geckodriver	INFO	Listening on 127.0.0.1:33393
1597777808510	mozrunner::runner	INFO	Running command: "/usr/bin/firefox" "--marionette" "-headless" "-foreground" "-no-remote" "-profile" "/tmp/rust_mozprofileRo3yFg"
*** You are running in headless mode.
console.error: SearchCache: "_readCacheFile: Error reading cache file:" (new Error("", "(unknown module)"))
JavaScript error: resource://gre/modules/TelemetryUtils.jsm, line 159: TypeError: date is undefined
1597777816689	Marionette	INFO	Stopped listening on port 45101
1597777818425	Marionette	INFO	Listening on port 45147
1597777818464	Marionette	WARN	TLS certificate errors will be ignored for this session
1597777819071	geckodriver	INFO	Listening on 127.0.0.1:58673
1597777819360	Marionette	INFO	Stopped listening on port 33503
JavaScript warning: https://cfc-swc.gc.ca/build/js/jquery.min.js, line 2: Using //@ to indicate sourceMappingURL pragmas is deprecated. Use //# instead
JavaScript warning: https://cfc-swc.gc.ca/build/js/jquery.min.js, line 2: Using //@ to indicate sourceMappingURL pragmas is deprecated. Use //# instead
1597777819808	mozrunner::runner	INFO	Running command: "/usr/bin/firefox" "--marionette" "-headless" "-foreground" "-no-remote" "-profile" "/tmp/rust_mozprofileUdIzcf"
*** You are running in headless mode.
JavaScript warning: https://cfc-swc.gc.ca/build/js/jquerymobile/jquery.mobile.min.js, line 8: Using //@ to indicate sourceMappingURL pragmas is deprecated. Use //# instead
1597777820905	Marionette	INFO	Stopped listening on port 42419
1597777822831	Marionette	INFO	Stopped listening on port 38615
1597777824382	geckodriver	INFO	Listening on 127.0.0.1:39297
1597777824586	Marionette	INFO	Stopped listening on port 33565
1597777824725	Marionette	INFO	Stopped listening on port 35377
1597777824768	mozrunner::runner	INFO	Running command: "/usr/bin/firefox" "--marionette" "-headless" "-foreground" "-no-remote" "-profile" "/tmp/rust_mozprofileRHpn6C"
*** You are running in headless mode.
1597777825544	Marionette	INFO	Stopped listening on port 37475
1597777826194	Marionette	INFO	Stopped listening on port 41903
console.error: SearchCache: "_readCacheFile: Error reading cache file:" (new Error("", "(unknown module)"))
JavaScript error: resource://gre/modules/TelemetryUtils.jsm, line 159: TypeError: date is undefined
1597777829516	geckodriver	INFO	Listening on 127.0.0.1:50993
1597777829756	geckodriver	INFO	Listening on 127.0.0.1:43223
1597777829807	geckodriver	INFO	Listening on 127.0.0.1:42883
1597777829920	mozrunner::runner	INFO	Running command: "/usr/bin/firefox" "--marionette" "-headless" "-foreground" "-no-remote" "-profile" "/tmp/rust_mozprofileYVn0kO"
*** You are running in headless mode.
1597777830083	mozrunner::runner	INFO	Running command: "/usr/bin/firefox" "--marionette" "-headless" "-foreground" "-no-remote" "-profile" "/tmp/rust_mozprofileNnPY1X"
1597777830108	mozrunner::runner	INFO	Running command: "/usr/bin/firefox" "--marionette" "-headless" "-foreground" "-no-remote" "-profile" "/tmp/rust_mozprofileg9yMvV"
*** You are running in headless mode.
*** You are running in headless mode.
1597777832499	Marionette	INFO	Listening on port 44257
1597777832547	Marionette	WARN	TLS certificate errors will be ignored for this session
console.error: SearchCache: "_readCacheFile: Error reading cache file:" (new Error("", "(unknown module)"))
JavaScript warning: https://cfc-swc.gc.ca/build/js/jquery.min.js, line 2: Using //@ to indicate sourceMappingURL pragmas is deprecated. Use //# instead
JavaScript warning: https://cfc-swc.gc.ca/build/js/jquery.min.js, line 2: Using //@ to indicate sourceMappingURL pragmas is deprecated. Use //# instead
JavaScript warning: https://cfc-swc.gc.ca/build/js/jquerymobile/jquery.mobile.min.js, line 8: Using //@ to indicate sourceMappingURL pragmas is deprecated. Use //# instead
1597777835306	geckodriver	INFO	Listening on 127.0.0.1:57225
1597777835633	mozrunner::runner	INFO	Running command: "/usr/bin/firefox" "--marionette" "-headless" "-foreground" "-no-remote" "-profile" "/tmp/rust_mozprofileQN4qJs"
*** You are running in headless mode.
JavaScript error: resource://gre/modules/TelemetryUtils.jsm, line 159: TypeError: date is undefined
1597777840331	geckodriver	INFO	Listening on 127.0.0.1:49529
1597777840535	mozrunner::runner	INFO	Running command: "/usr/bin/firefox" "--marionette" "-headless" "-foreground" "-no-remote" "-profile" "/tmp/rust_mozprofilefpOBNn"
*** You are running in headless mode.
1597777841277	Marionette	INFO	Listening on port 36249
1597777841355	Marionette	WARN	TLS certificate errors will be ignored for this session
console.error: SearchCache: "_readCacheFile: Error reading cache file:" (new Error("", "(unknown module)"))
console.error: SearchCache: "_readCacheFile: Error reading cache file:" (new Error("", "(unknown module)"))
Exiting due to channel error.
Exiting due to channel error.
Exiting due to channel error.
Exiting due to channel error.
Exiting due to channel error.
Exiting due to channel error.
Exiting due to channel error.
Exiting due to channel error.
Exiting due to channel error.
Exiting due to channel error.
Exiting due to channel error.
Exiting due to channel error.
Exiting due to channel error.
Exiting due to channel error.
Sandbox: Unexpected EOF, op 0 flags 02000000 path /usr/lib/firefox/libwrap.so.0
Exiting due to channel error.
1597778035249	geckodriver	INFO	Listening on 127.0.0.1:55971
1597778035271	mozrunner::runner	INFO	Running command: "/usr/bin/firefox" "--marionette" "-headless" "-foreground" "-no-remote" "-profile" "/tmp/rust_mozprofileEImxMO"
*** You are running in headless mode.
console.error: SearchCache: "_readCacheFile: Error reading cache file:" (new Error("", "(unknown module)"))
JavaScript error: resource://gre/modules/TelemetryUtils.jsm, line 159: TypeError: date is undefined
1597778042804	Marionette	INFO	Listening on port 36071
1597778042935	Marionette	WARN	TLS certificate errors will be ignored for this session
1597778046034	Marionette	INFO	Stopped listening on port 36071
1597778146557	geckodriver	INFO	Listening on 127.0.0.1:42317
1597778146569	mozrunner::runner	INFO	Running command: "/usr/bin/firefox" "--marionette" "-headless" "-foreground" "-no-remote" "-profile" "/tmp/rust_mozprofileMwZTgr"
*** You are running in headless mode.

###!!! [Child][MessageChannel] Error: (msgtype=0xFFF7,name=<unknown IPC msg name>) Channel error: cannot send/recv

1597778430123	geckodriver	INFO	Listening on 127.0.0.1:59867
1597778430137	mozrunner::runner	INFO	Running command: "/usr/bin/firefox" "--marionette" "-headless" "-foreground" "-no-remote" "-profile" "/tmp/rust_mozprofilePX5agd"
*** You are running in headless mode.
console.error: SearchCache: "_readCacheFile: Error reading cache file:" (new Error("", "(unknown module)"))
JavaScript error: resource://gre/modules/TelemetryUtils.jsm, line 159: TypeError: date is undefined
1597778437867	Marionette	INFO	Listening on port 33005
1597778437967	Marionette	WARN	TLS certificate errors will be ignored for this session
1597778458944	geckodriver	INFO	Listening on 127.0.0.1:57257
1597778458967	mozrunner::runner	INFO	Running command: "/usr/bin/firefox" "--marionette" "-headless" "-foreground" "-no-remote" "-profile" "/tmp/rust_mozprofilendANBQ"
*** You are running in headless mode.
1597778460547	Marionette	INFO	Stopped listening on port 33005
console.error: SearchCache: "_readCacheFile: Error reading cache file:" (new Error("", "(unknown module)"))
JavaScript error: resource://gre/modules/TelemetryUtils.jsm, line 159: TypeError: date is undefined
1597778466654	Marionette	INFO	Listening on port 37179
1597778466689	Marionette	WARN	TLS certificate errors will be ignored for this session
1597778470400	geckodriver	INFO	Listening on 127.0.0.1:41405
1597778470422	mozrunner::runner	INFO	Running command: "/usr/bin/firefox" "--marionette" "-headless" "-foreground" "-no-remote" "-profile" "/tmp/rust_mozprofilesSpHoY"
*** You are running in headless mode.
console.error: SearchCache: "_readCacheFile: Error reading cache file:" (new Error("", "(unknown module)"))
JavaScript error: resource://gre/modules/TelemetryUtils.jsm, line 159: TypeError: date is undefined
Exiting due to channel error.
Exiting due to channel error.
Exiting due to channel error.
Exiting due to channel error.
Exiting due to channel error.
Exiting due to channel error.
1597778547336	geckodriver	INFO	Listening on 127.0.0.1:40521
1597778547425	geckodriver	INFO	Listening on 127.0.0.1:49711
1597778547444	mozrunner::runner	INFO	Running command: "/usr/bin/firefox" "--marionette" "-headless" "-foreground" "-no-remote" "-profile" "/tmp/rust_mozprofileEOtBYO"
*** You are running in headless mode.
1597778547566	geckodriver	INFO	Listening on 127.0.0.1:43537
1597778547622	mozrunner::runner	INFO	Running command: "/usr/bin/firefox" "--marionette" "-headless" "-foreground" "-no-remote" "-profile" "/tmp/rust_mozprofilebsa8jf"
1597778547640	mozrunner::runner	INFO	Running command: "/usr/bin/firefox" "--marionette" "-headless" "-foreground" "-no-remote" "-profile" "/tmp/rust_mozprofileElUL5R"
*** You are running in headless mode.
*** You are running in headless mode.
1597778547765	geckodriver	INFO	Listening on 127.0.0.1:57463
1597778547911	mozrunner::runner	INFO	Running command: "/usr/bin/firefox" "--marionette" "-headless" "-foreground" "-no-remote" "-profile" "/tmp/rust_mozprofileAcgDB3"
*** You are running in headless mode.
1597778548108	geckodriver	INFO	Listening on 127.0.0.1:49997
1597778548248	geckodriver	INFO	Listening on 127.0.0.1:42635
1597778548361	mozrunner::runner	INFO	Running command: "/usr/bin/firefox" "--marionette" "-headless" "-foreground" "-no-remote" "-profile" "/tmp/rust_mozprofile3kd3oB"
1597778548410	mozrunner::runner	INFO	Running command: "/usr/bin/firefox" "--marionette" "-headless" "-foreground" "-no-remote" "-profile" "/tmp/rust_mozprofileUN9JiP"
*** You are running in headless mode.
*** You are running in headless mode.
1597778553630	geckodriver	INFO	Listening on 127.0.0.1:43603
1597778554646	mozrunner::runner	INFO	Running command: "/usr/bin/firefox" "--marionette" "-headless" "-foreground" "-no-remote" "-profile" "/tmp/rust_mozprofileV5FUZG"
*** You are running in headless mode.
1597778558958	geckodriver	INFO	Listening on 127.0.0.1:38065
1597778559040	mozrunner::runner	INFO	Running command: "/usr/bin/firefox" "--marionette" "-headless" "-foreground" "-no-remote" "-profile" "/tmp/rust_mozprofileWKfRRz"
*** You are running in headless mode.
console.error: SearchCache: "_readCacheFile: Error reading cache file:" (new Error("", "(unknown module)"))
console.error: SearchCache: "_readCacheFile: Error reading cache file:" (new Error("", "(unknown module)"))
console.error: SearchCache: "_readCacheFile: Error reading cache file:" (new Error("", "(unknown module)"))
console.error: SearchCache: "_readCacheFile: Error reading cache file:" (new Error("", "(unknown module)"))
console.error: SearchCache: "_readCacheFile: Error reading cache file:" (new Error("", "(unknown module)"))
console.error: SearchCache: "_readCacheFile: Error reading cache file:" (new Error("", "(unknown module)"))
1597778564206	geckodriver	INFO	Listening on 127.0.0.1:55837
1597778564416	mozrunner::runner	INFO	Running command: "/usr/bin/firefox" "--marionette" "-headless" "-foreground" "-no-remote" "-profile" "/tmp/rust_mozprofile3wmyyD"
*** You are running in headless mode.
JavaScript error: resource://gre/modules/TelemetryUtils.jsm, line 159: TypeError: date is undefined
JavaScript error: resource://gre/modules/TelemetryUtils.jsm, line 159: TypeError: date is undefined
JavaScript error: resource://gre/modules/TelemetryUtils.jsm, line 159: TypeError: date is undefined
JavaScript error: resource://gre/modules/TelemetryUtils.jsm, line 159: TypeError: date is undefined
JavaScript error: resource://gre/modules/TelemetryUtils.jsm, line 159: TypeError: date is undefined
JavaScript error: resource://gre/modules/TelemetryUtils.jsm, line 159: TypeError: date is undefined
1597778574323	Marionette	INFO	Listening on port 39931
1597778574420	Marionette	WARN	TLS certificate errors will be ignored for this session
1597778574494	Marionette	INFO	Listening on port 46723
1597778574527	geckodriver	INFO	Listening on 127.0.0.1:58399
1597778574575	mozrunner::runner	INFO	Running command: "/usr/bin/firefox" "--marionette" "-headless" "-foreground" "-no-remote" "-profile" "/tmp/rust_mozprofileuIICcu"
1597778574622	Marionette	WARN	TLS certificate errors will be ignored for this session
*** You are running in headless mode.
1597778575348	Marionette	INFO	Listening on port 41133
1597778575478	Marionette	INFO	Listening on port 45123
1597778575566	Marionette	WARN	TLS certificate errors will be ignored for this session
1597778575587	Marionette	INFO	Listening on port 33103
1597778575672	Marionette	WARN	TLS certificate errors will be ignored for this session
1597778575696	Marionette	WARN	TLS certificate errors will be ignored for this session
1597778575913	Marionette	INFO	Listening on port 46141
1597778576032	Marionette	WARN	TLS certificate errors will be ignored for this session
console.error: SearchCache: "_readCacheFile: Error reading cache file:" (new Error("", "(unknown module)"))
console.error: SearchCache: "_readCacheFile: Error reading cache file:" (new Error("", "(unknown module)"))
JavaScript error: resource://gre/modules/TelemetryUtils.jsm, line 159: TypeError: date is undefined
console.error: SearchCache: "_readCacheFile: Error reading cache file:" (new Error("", "(unknown module)"))
JavaScript error: resource://gre/modules/TelemetryUtils.jsm, line 159: TypeError: date is undefined
JavaScript error: resource://gre/modules/TelemetryUtils.jsm, line 159: TypeError: date is undefined
1597778589083	Marionette	INFO	Listening on port 32779
1597778589181	Marionette	WARN	TLS certificate errors will be ignored for this session
console.error: SearchCache: "_readCacheFile: Error reading cache file:" (new Error("", "(unknown module)"))
1597778590836	Marionette	INFO	Listening on port 45705
1597778590898	Marionette	WARN	TLS certificate errors will be ignored for this session
1597778593464	Marionette	INFO	Listening on port 41131
1597778593512	Marionette	WARN	TLS certificate errors will be ignored for this session
JavaScript error: resource://gre/modules/TelemetryUtils.jsm, line 159: TypeError: date is undefined
1597778597411	Marionette	INFO	Listening on port 45879
1597778597479	Marionette	WARN	TLS certificate errors will be ignored for this session
1597778617729	Marionette	INFO	Stopped listening on port 39931
1597778620474	geckodriver	INFO	Listening on 127.0.0.1:41721
1597778620824	mozrunner::runner	INFO	Running command: "/usr/bin/firefox" "--marionette" "-headless" "-foreground" "-no-remote" "-profile" "/tmp/rust_mozprofileZf0Omf"
*** You are running in headless mode.
console.error: SearchCache: "_readCacheFile: Error reading cache file:" (new Error("", "(unknown module)"))
JavaScript error: resource://gre/modules/TelemetryUtils.jsm, line 159: TypeError: date is undefined
1597778629226	Marionette	INFO	Listening on port 36357
1597778629326	Marionette	WARN	TLS certificate errors will be ignored for this session
Exiting due to channel error.
Exiting due to channel error.
Exiting due to channel error.
Exiting due to channel error.
Exiting due to channel error.
Exiting due to channel error.
Exiting due to channel error.
Exiting due to channel error.
Exiting due to channel error.
Exiting due to channel error.
Exiting due to channel error.
Exiting due to channel error.
Exiting due to channel error.
Exiting due to channel error.
Exiting due to channel error.
Exiting due to channel error.
Exiting due to channel error.
Exiting due to channel error.
Exiting due to channel error.
Exiting due to channel error.
[GFX1-]: Receive IPC close with reason=AbnormalShutdown
Exiting due to channel error.
Exiting due to channel error.
Exiting due to channel error.
Exiting due to channel error.
Exiting due to channel error.
Exiting due to channel error.
Exiting due to channel error.
Exiting due to channel error.
Exiting due to channel error.
Exiting due to channel error.
1597848831448	geckodriver	INFO	Listening on 127.0.0.1:43153
1597848831497	geckodriver	INFO	Listening on 127.0.0.1:48809
1597848831547	mozrunner::runner	INFO	Running command: "/usr/bin/firefox" "--marionette" "-headless" "-foreground" "-no-remote" "-profile" "/tmp/rust_mozprofileBQfmBD"
1597848831591	mozrunner::runner	INFO	Running command: "/usr/bin/firefox" "--marionette" "-headless" "-foreground" "-no-remote" "-profile" "/tmp/rust_mozprofile2SQns6"
1597848831691	geckodriver	INFO	Listening on 127.0.0.1:36549
*** You are running in headless mode.
*** You are running in headless mode.
1597848831892	mozrunner::runner	INFO	Running command: "/usr/bin/firefox" "--marionette" "-headless" "-foreground" "-no-remote" "-profile" "/tmp/rust_mozprofilepfdoB6"
*** You are running in headless mode.
1597848832056	geckodriver	INFO	Listening on 127.0.0.1:58529
1597848832119	geckodriver	INFO	Listening on 127.0.0.1:45487
1597848832217	mozrunner::runner	INFO	Running command: "/usr/bin/firefox" "--marionette" "-headless" "-foreground" "-no-remote" "-profile" "/tmp/rust_mozprofileJkfIWW"
1597848832255	mozrunner::runner	INFO	Running command: "/usr/bin/firefox" "--marionette" "-headless" "-foreground" "-no-remote" "-profile" "/tmp/rust_mozprofilelD1YWL"
*** You are running in headless mode.
*** You are running in headless mode.
console.error: SearchCache: "_readCacheFile: Error reading cache file:" (new Error("", "(unknown module)"))
console.error: SearchCache: "_readCacheFile: Error reading cache file:" (new Error("", "(unknown module)"))
console.error: SearchCache: "_readCacheFile: Error reading cache file:" (new Error("", "(unknown module)"))
console.error: SearchCache: "_readCacheFile: Error reading cache file:" (new Error("", "(unknown module)"))
console.error: SearchCache: "_readCacheFile: Error reading cache file:" (new Error("", "(unknown module)"))
JavaScript error: resource://gre/modules/TelemetryUtils.jsm, line 159: TypeError: date is undefined
JavaScript error: resource://gre/modules/TelemetryUtils.jsm, line 159: TypeError: date is undefined
JavaScript error: resource://gre/modules/TelemetryUtils.jsm, line 159: TypeError: date is undefined
JavaScript error: resource://gre/modules/TelemetryUtils.jsm, line 159: TypeError: date is undefined
JavaScript error: resource://gre/modules/TelemetryUtils.jsm, line 159: TypeError: date is undefined
1597848850555	Marionette	INFO	Listening on port 43833
1597848850631	Marionette	INFO	Listening on port 33787
1597848850634	Marionette	WARN	TLS certificate errors will be ignored for this session
1597848850781	Marionette	WARN	TLS certificate errors will be ignored for this session
1597848851024	Marionette	INFO	Listening on port 46613
1597848851281	Marionette	WARN	TLS certificate errors will be ignored for this session
1597848851407	Marionette	INFO	Listening on port 45545
1597848851507	Marionette	WARN	TLS certificate errors will be ignored for this session
1597848851711	Marionette	INFO	Listening on port 39921
1597848851818	Marionette	WARN	TLS certificate errors will be ignored for this session
1597848852467	geckodriver	INFO	Listening on 127.0.0.1:48355
1597848852969	mozrunner::runner	INFO	Running command: "/usr/bin/firefox" "--marionette" "-headless" "-foreground" "-no-remote" "-profile" "/tmp/rust_mozprofileiWKV9i"
*** You are running in headless mode.
console.error: SearchCache: "_readCacheFile: Error reading cache file:" (new Error("", "(unknown module)"))
JavaScript error: resource://gre/modules/TelemetryUtils.jsm, line 159: TypeError: date is undefined
1597848871084	Marionette	INFO	Listening on port 35913
1597848871314	Marionette	WARN	TLS certificate errors will be ignored for this session
1597848878242	Marionette	INFO	Stopped listening on port 33787
1597848918671	geckodriver	INFO	Listening on 127.0.0.1:39405
1597848919180	mozrunner::runner	INFO	Running command: "/usr/bin/firefox" "--marionette" "-headless" "-foreground" "-no-remote" "-profile" "/tmp/rust_mozprofiles5UKKn"
*** You are running in headless mode.
console.error: SearchCache: "_readCacheFile: Error reading cache file:" (new Error("", "(unknown module)"))
JavaScript error: resource://gre/modules/TelemetryUtils.jsm, line 159: TypeError: date is undefined
1597848928312	Marionette	INFO	Listening on port 36745
1597848928415	Marionette	WARN	TLS certificate errors will be ignored for this session
1597848929367	geckodriver	INFO	Listening on 127.0.0.1:35713
1597848930333	mozrunner::runner	INFO	Running command: "/usr/bin/firefox" "--marionette" "-headless" "-foreground" "-no-remote" "-profile" "/tmp/rust_mozprofile1pyMa5"
*** You are running in headless mode.
Exiting due to channel error.
Exiting due to channel error.
Exiting due to channel error.
Exiting due to channel error.
Exiting due to channel error.
[GFX1-]: Receive IPC close with reason=AbnormalShutdown
Exiting due to channel error.
Exiting due to channel error.
Exiting due to channel error.
Exiting due to channel error.
Exiting due to channel error.
Exiting due to channel error.
Exiting due to channel error.
Exiting due to channel error.
Exiting due to channel error.
Exiting due to channel error.
[GFX1-]: Receive IPC close with reason=AbnormalShutdown
Exiting due to channel error.
Exiting due to channel error.
Exiting due to channel error.
1597849110860	geckodriver	INFO	Listening on 127.0.0.1:50071
1597849110874	geckodriver	INFO	Listening on 127.0.0.1:39327
1597849111011	mozrunner::runner	INFO	Running command: "/usr/bin/firefox" "--marionette" "-headless" "-foreground" "-no-remote" "-profile" "/tmp/rust_mozprofileDO9roc"
*** You are running in headless mode.
1597849111092	geckodriver	INFO	Listening on 127.0.0.1:55267
1597849111109	mozrunner::runner	INFO	Running command: "/usr/bin/firefox" "--marionette" "-headless" "-foreground" "-no-remote" "-profile" "/tmp/rust_mozprofilesGlWiw"
*** You are running in headless mode.
1597849111360	mozrunner::runner	INFO	Running command: "/usr/bin/firefox" "--marionette" "-headless" "-foreground" "-no-remote" "-profile" "/tmp/rust_mozprofileFmzYyk"
*** You are running in headless mode.
1597849111507	geckodriver	INFO	Listening on 127.0.0.1:52699
1597849111570	mozrunner::runner	INFO	Running command: "/usr/bin/firefox" "--marionette" "-headless" "-foreground" "-no-remote" "-profile" "/tmp/rust_mozprofile3aG92Y"
*** You are running in headless mode.
console.error: SearchCache: "_readCacheFile: Error reading cache file:" (new Error("", "(unknown module)"))
console.error: SearchCache: "_readCacheFile: Error reading cache file:" (new Error("", "(unknown module)"))
console.error: SearchCache: "_readCacheFile: Error reading cache file:" (new Error("", "(unknown module)"))
console.error: SearchCache: "_readCacheFile: Error reading cache file:" (new Error("", "(unknown module)"))
1597849122026	geckodriver	INFO	Listening on 127.0.0.1:39189
1597849122099	mozrunner::runner	INFO	Running command: "/usr/bin/firefox" "--marionette" "-headless" "-foreground" "-no-remote" "-profile" "/tmp/rust_mozprofileqxpuqI"
*** You are running in headless mode.
JavaScript error: resource://gre/modules/TelemetryUtils.jsm, line 159: TypeError: date is undefined
JavaScript error: resource://gre/modules/TelemetryUtils.jsm, line 159: TypeError: date is undefined
JavaScript error: resource://gre/modules/TelemetryUtils.jsm, line 159: TypeError: date is undefined
JavaScript error: resource://gre/modules/TelemetryUtils.jsm, line 159: TypeError: date is undefined
1597849128252	Marionette	INFO	Listening on port 38843
1597849128342	Marionette	INFO	Listening on port 38705
1597849128360	Marionette	WARN	TLS certificate errors will be ignored for this session
Exiting due to channel error.
Exiting due to channel error.
Exiting due to channel error.
Exiting due to channel error.
Exiting due to channel error.
Exiting due to channel error.
Exiting due to channel error.
[GFX1-]: Receive IPC close with reason=AbnormalShutdown
Exiting due to channel error.
Exiting due to channel error.
Exiting due to channel error.
Exiting due to channel error.
Exiting due to channel error.
1598402426647	geckodriver	INFO	Listening on 127.0.0.1:50402
1598402429688	mozrunner::runner	INFO	Running command: "C:\\Program Files\\Mozilla Firefox\\firefox.exe" "--marionette" "-headless" "-foreground" "-no-remote" "-profile" "C:\\Users\\solia\\AppData\\Local\\Temp\\rust_mozprofileNGkelu"
*** You are running in headless mode.
JavaScript error: resource://gre/modules/XULStore.jsm, line 66: Error: Can't find profile directory.
console.error: SearchCache: "_readCacheFile: Error reading cache file:" (new Error("", "(unknown module)"))
1598402434676	Marionette	INFO	Listening on port 50426
1598402435136	Marionette	WARN	TLS certificate errors will be ignored for this session
JavaScript warning: https://code.jquery.com/jquery-1.10.2.min.js, line 2: Using //@ to indicate sourceMappingURL pragmas is deprecated. Use //# instead
1598402439996	Marionette	INFO	Stopped listening on port 50426
1598402441717	geckodriver	INFO	Listening on 127.0.0.1:50535
1598402444769	mozrunner::runner	INFO	Running command: "C:\\Program Files\\Mozilla Firefox\\firefox.exe" "--marionette" "-headless" "-foreground" "-no-remote" "-profile" "C:\\Users\\solia\\AppData\\Local\\Temp\\rust_mozprofile1UUmkk"
*** You are running in headless mode.
JavaScript error: resource://gre/modules/XULStore.jsm, line 66: Error: Can't find profile directory.
console.error: SearchCache: "_readCacheFile: Error reading cache file:" (new Error("", "(unknown module)"))
1598402448286	Marionette	INFO	Listening on port 50572
1598402448460	Marionette	WARN	TLS certificate errors will be ignored for this session
JavaScript warning: https://code.jquery.com/jquery-1.10.2.min.js, line 2: Using //@ to indicate sourceMappingURL pragmas is deprecated. Use //# instead
1598402451784	geckodriver	INFO	Listening on 127.0.0.1:50679
1598402454838	mozrunner::runner	INFO	Running command: "C:\\Program Files\\Mozilla Firefox\\firefox.exe" "--marionette" "-headless" "-foreground" "-no-remote" "-profile" "C:\\Users\\solia\\AppData\\Local\\Temp\\rust_mozprofilekwHMrI"
*** You are running in headless mode.
JavaScript error: resource://gre/modules/XULStore.jsm, line 66: Error: Can't find profile directory.
console.error: SearchCache: "_readCacheFile: Error reading cache file:" (new Error("", "(unknown module)"))
1598402457318	Marionette	INFO	Listening on port 50706
1598402457512	Marionette	WARN	TLS certificate errors will be ignored for this session
JavaScript warning: https://code.jquery.com/jquery-1.10.2.min.js, line 2: Using //@ to indicate sourceMappingURL pragmas is deprecated. Use //# instead
1598402460166	Marionette	INFO	Stopped listening on port 50706
1598402461836	geckodriver	INFO	Listening on 127.0.0.1:50791
1598402464899	mozrunner::runner	INFO	Running command: "C:\\Program Files\\Mozilla Firefox\\firefox.exe" "--marionette" "-headless" "-foreground" "-no-remote" "-profile" "C:\\Users\\solia\\AppData\\Local\\Temp\\rust_mozprofilet5BBGD"
*** You are running in headless mode.
JavaScript error: resource://gre/modules/XULStore.jsm, line 66: Error: Can't find profile directory.
console.error: SearchCache: "_readCacheFile: Error reading cache file:" (new Error("", "(unknown module)"))
1598402467330	Marionette	INFO	Listening on port 50834
1598402467584	Marionette	WARN	TLS certificate errors will be ignored for this session
JavaScript warning: https://code.jquery.com/jquery-1.10.2.min.js, line 2: Using //@ to indicate sourceMappingURL pragmas is deprecated. Use //# instead
1598402470334	Marionette	INFO	Stopped listening on port 50834
1598402471871	geckodriver	INFO	Listening on 127.0.0.1:50912
1598402474956	mozrunner::runner	INFO	Running command: "C:\\Program Files\\Mozilla Firefox\\firefox.exe" "--marionette" "-headless" "-foreground" "-no-remote" "-profile" "C:\\Users\\solia\\AppData\\Local\\Temp\\rust_mozprofilems6wK1"
*** You are running in headless mode.
JavaScript error: resource://gre/modules/XULStore.jsm, line 66: Error: Can't find profile directory.
console.error: SearchCache: "_readCacheFile: Error reading cache file:" (new Error("", "(unknown module)"))
1598402477658	Marionette	INFO	Listening on port 50931
1598402478159	Marionette	WARN	TLS certificate errors will be ignored for this session
JavaScript warning: https://code.jquery.com/jquery-1.10.2.min.js, line 2: Using //@ to indicate sourceMappingURL pragmas is deprecated. Use //# instead
1598402481055	Marionette	INFO	Stopped listening on port 50931
1598402481899	geckodriver	INFO	Listening on 127.0.0.1:51045
1598402484981	mozrunner::runner	INFO	Running command: "C:\\Program Files\\Mozilla Firefox\\firefox.exe" "--marionette" "-headless" "-foreground" "-no-remote" "-profile" "C:\\Users\\solia\\AppData\\Local\\Temp\\rust_mozprofile0yoGtb"
*** You are running in headless mode.
JavaScript error: resource://gre/modules/XULStore.jsm, line 66: Error: Can't find profile directory.
console.error: SearchCache: "_readCacheFile: Error reading cache file:" (new Error("", "(unknown module)"))
1598402487514	Marionette	INFO	Listening on port 51065
1598402487668	Marionette	WARN	TLS certificate errors will be ignored for this session
JavaScript warning: https://code.jquery.com/jquery-1.10.2.min.js, line 2: Using //@ to indicate sourceMappingURL pragmas is deprecated. Use //# instead
1598402490291	Marionette	INFO	Stopped listening on port 51065
1598402491962	geckodriver	INFO	Listening on 127.0.0.1:51153
1598402495038	mozrunner::runner	INFO	Running command: "C:\\Program Files\\Mozilla Firefox\\firefox.exe" "--marionette" "-headless" "-foreground" "-no-remote" "-profile" "C:\\Users\\solia\\AppData\\Local\\Temp\\rust_mozprofileaQZ3Cr"
*** You are running in headless mode.
JavaScript error: resource://gre/modules/XULStore.jsm, line 66: Error: Can't find profile directory.
console.error: SearchCache: "_readCacheFile: Error reading cache file:" (new Error("", "(unknown module)"))
1598402497591	Marionette	INFO	Listening on port 51174
1598402497720	Marionette	WARN	TLS certificate errors will be ignored for this session
JavaScript warning: https://code.jquery.com/jquery-1.10.2.min.js, line 2: Using //@ to indicate sourceMappingURL pragmas is deprecated. Use //# instead
1598402500303	Marionette	INFO	Stopped listening on port 51174
1598402501992	geckodriver	INFO	Listening on 127.0.0.1:51260
1598402505073	mozrunner::runner	INFO	Running command: "C:\\Program Files\\Mozilla Firefox\\firefox.exe" "--marionette" "-headless" "-foreground" "-no-remote" "-profile" "C:\\Users\\solia\\AppData\\Local\\Temp\\rust_mozprofile6VQ4Rd"
*** You are running in headless mode.
JavaScript error: resource://gre/modules/XULStore.jsm, line 66: Error: Can't find profile directory.
console.error: SearchCache: "_readCacheFile: Error reading cache file:" (new Error("", "(unknown module)"))
1598402507474	Marionette	INFO	Listening on port 51284
1598402507745	Marionette	WARN	TLS certificate errors will be ignored for this session
JavaScript warning: https://code.jquery.com/jquery-1.10.2.min.js, line 2: Using //@ to indicate sourceMappingURL pragmas is deprecated. Use //# instead
1598402511153	Marionette	INFO	Stopped listening on port 51284
1598402512050	geckodriver	INFO	Listening on 127.0.0.1:51373
1598402515109	mozrunner::runner	INFO	Running command: "C:\\Program Files\\Mozilla Firefox\\firefox.exe" "--marionette" "-headless" "-foreground" "-no-remote" "-profile" "C:\\Users\\solia\\AppData\\Local\\Temp\\rust_mozprofileN8yLzv"
*** You are running in headless mode.
JavaScript error: resource://gre/modules/XULStore.jsm, line 66: Error: Can't find profile directory.
console.error: SearchCache: "_readCacheFile: Error reading cache file:" (new Error("", "(unknown module)"))
1598402517691	Marionette	INFO	Listening on port 51402
1598402517774	Marionette	WARN	TLS certificate errors will be ignored for this session
JavaScript warning: https://code.jquery.com/jquery-1.10.2.min.js, line 2: Using //@ to indicate sourceMappingURL pragmas is deprecated. Use //# instead
1598402524662	Marionette	INFO	Stopped listening on port 51401598402525216	mozrunner::runner	INFO	Running command: "C:\\Program Files\\Mozilla Firefox\\firefox.exe" "--marionette" "-headless" "-foreground" "-no-remote" "-profile" "C:\\Users\\solia\\AppData\\Local\\Temp\\rust_mozprofileJdEVdc"
*** You are running in headless mode.
JavaScript error: resource://gre/modules/XULStore.jsm, line 66: Error: Can't find profile directory.
console.error: SearchCache: "_readCacheFile: Error reading cache file:" (new Error("", "(unknown module)"))
1598402527739	Marionette	INFO	Listening on port 51507
1598402527911	Marionette	WARN	TLS certificate errors will be ignored for this session
JavaScript warning: https://code.jquery.com/jquery-1.10.2.min.js, line 2: Using //@ to indicate sourceMappingURL pragmas is deprecated. Use //# instead
1598402530868	Marionette	INFO	Stopped listening on port 51507
1598402532150	geckodriver	INFO	Listening on 127.0.0.1:51585
1598402535231	mozrunner::runner	INFO	Running command: "C:\\Program Files\\Mozilla Firefox\\firefox.exe" "--marionette" "-headless" "-foreground" "-no-remote" "-profile" "C:\\Users\\solia\\AppData\\Local\\Temp\\rust_mozprofile8jNZmT"
*** You are running in headless mode.
JavaScript error: resource://gre/modules/XULStore.jsm, line 66: Error: Can't find profile directory.
console.error: SearchCache: "_readCacheFile: Error reading cache file:" (new Error("", "(unknown module)"))
1598402537763	Marionette	INFO	Listening on port 51604
1598402537923	Marionette	WARN	TLS certificate errors will be ignored for this session
JavaScript warning: https://code.jquery.com/jquery-1.10.2.min.js, line 2: Using //@ to indicate sourceMappingURL pragmas is deprecated. Use //# instead
1598402540738	Marionette	INFO	Stopped listening on port 51604
1598402542179	geckodriver	INFO	Listening on 127.0.0.1:51688
1598402545238	mozrunner::runner	INFO	Running command: "C:\\Program Files\\Mozilla Firefox\\firefox.exe" "--marionette" "-headless" "-foreground" "-no-remote" "-profile" "C:\\Users\\solia\\AppData\\Local\\Temp\\rust_mozprofilecChUFM"
*** You are running in headless mode.
JavaScript error: resource://gre/modules/XULStore.jsm, line 66: Error: Can't find profile directory.
console.error: SearchCache: "_readCacheFile: Error reading cache file:" (new Error("", "(unknown module)"))
1598402547879	Marionette	INFO	Listening on port 51718
1598402547934	Marionette	WARN	TLS certificate errors will be ignored for this session
JavaScript warning: https://code.jquery.com/jquery-1.10.2.min.js, line 2: Using //@ to indicate sourceMappingURL pragmas is deprecated. Use //# instead
1598402553277	Marionette	INFO	Stopped listening on port 51711598402555320	mozrunner::runner	INFO	Running command: "C:\\Program Files\\Mozilla Firefox\\firefox.exe" "--marionette" "-headless" "-foreground" "-no-remote" "-profile" "C:\\Users\\solia\\AppData\\Local\\Temp\\rust_mozprofileekSkbu"
*** You are running in headless mode.
JavaScript error: resource://gre/modules/XULStore.jsm, line 66: Error: Can't find profile directory.
console.error: SearchCache: "_readCacheFile: Error reading cache file:" (new Error("", "(unknown module)"))
1598402557847	Marionette	INFO	Listening on port 51825
1598402557998	Marionette	WARN	TLS certificate errors will be ignored for this session
JavaScript warning: https://code.jquery.com/jquery-1.10.2.min.js, line 2: Using //@ to indicate sourceMappingURL pragmas is deprecated. Use //# instead
1598402560492	Marionette	INFO	Stopped listening on port 51825
1598402562258	geckodriver	INFO	Listening on 127.0.0.1:51901
1598402565323	mozrunner::runner	INFO	Running command: "C:\\Program Files\\Mozilla Firefox\\firefox.exe" "--marionette" "-headless" "-foreground" "-no-remote" "-profile" "C:\\Users\\solia\\AppData\\Local\\Temp\\rust_mozprofile65Wr6o"
*** You are running in headless mode.
JavaScript error: resource://gre/modules/XULStore.jsm, line 66: Error: Can't find profile directory.
console.error: SearchCache: "_readCacheFile: Error reading cache file:" (new Error("", "(unknown module)"))
1598402567844	Marionette	INFO	Listening on port 51923
1598402568005	Marionette	WARN	TLS certificate errors will be ignored for this session
JavaScript warning: https://code.jquery.com/jquery-1.10.2.min.js, line 2: Using //@ to indicate sourceMappingURL pragmas is deprecated. Use //# instead
1598402574811	Marionette	INFO	Stopped listening on port 51921598402575515	mozrunner::runner	INFO	Running command: "C:\\Program Files\\Mozilla Firefox\\firefox.exe" "--marionette" "-headless" "-foreground" "-no-remote" "-profile" "C:\\Users\\solia\\AppData\\Local\\Temp\\rust_mozprofilejIpKEH"
*** You are running in headless mode.
JavaScript error: resource://gre/modules/XULStore.jsm, line 66: Error: Can't find profile directory.
console.error: SearchCache: "_readCacheFile: Error reading cache file:" (new Error("", "(unknown module)"))
1598402578009	Marionette	INFO	Listening on port 52029
1598402578189	Marionette	WARN	TLS certificate errors will be ignored for this session
JavaScript warning: https://code.jquery.com/jquery-1.10.2.min.js, line 2: Using //@ to indicate sourceMappingURL pragmas is deprecated. Use //# instead
1598402580804	Marionette	INFO	Stopped listening on port 52029
1598402582373	geckodriver	INFO	Listening on 127.0.0.1:52104
1598402585438	mozrunner::runner	INFO	Running command: "C:\\Program Files\\Mozilla Firefox\\firefox.exe" "--marionette" "-headless" "-foreground" "-no-remote" "-profile" "C:\\Users\\solia\\AppData\\Local\\Temp\\rust_mozprofile5ClyYM"
*** You are running in headless mode.
JavaScript error: resource://gre/modules/XULStore.jsm, line 66: Error: Can't find profile directory.
console.error: SearchCache: "_readCacheFile: Error reading cache file:" (new Error("", "(unknown module)"))
1598402588059	Marionette	INFO	Listening on port 52123
1598402588114	Marionette	WARN	TLS certificate errors will be ignored for this session
JavaScript warning: https://code.jquery.com/jquery-1.10.2.min.js, line 2: Using //@ to indicate sourceMappingURL pragmas is deprecated. Use //# instead
1598402591842	Marionette	INFO	Stopped listening on port 52123
1598402592416	geckodriver	INFO	Listening on 127.0.0.1:52200
1598402595527	mozrunner::runner	INFO	Running command: "C:\\Program Files\\Mozilla Firefox\\firefox.exe" "--marionette" "-headless" "-foreground" "-no-remote" "-profile" "C:\\Users\\solia\\AppData\\Local\\Temp\\rust_mozprofilekjwuCq"
*** You are running in headless mode.
JavaScript error: resource://gre/modules/XULStore.jsm, line 66: Error: Can't find profile directory.
console.error: SearchCache: "_readCacheFile: Error reading cache file:" (new Error("", "(unknown module)"))
1598402598146	Marionette	INFO	Listening on port 52222
1598402598204	Marionette	WARN	TLS certificate errors will be ignored for this session
JavaScript warning: https://code.jquery.com/jquery-1.10.2.min.js, line 2: Using //@ to indicate sourceMappingURL pragmas is deprecated. Use //# instead
1598402602647	geckodriver	INFO	Listening on 127.0.0.1:52325
1598402605711	mozrunner::runner	INFO	Running command: "C:\\Program Files\\Mozilla Firefox\\firefox.exe" "--marionette" "-headless" "-foreground" "-no-remote" "-profile" "C:\\Users\\solia\\AppData\\Local\\Temp\\rust_mozprofileGC1H8L"
*** You are running in headless mode.
JavaScript error: resource://gre/modules/XULStore.jsm, line 66: Error: Can't find profile directory.
console.error: SearchCache: "_readCacheFile: Error reading cache file:" (new Error("", "(unknown module)"))
1598402608202	Marionette	INFO	Listening on port 52351
1598402608382	Marionette	WARN	TLS certificate errors will be ignored for this session
JavaScript warning: https://code.jquery.com/jquery-1.10.2.min.js, line 2: Using //@ to indicate sourceMappingURL pragmas is deprecated. Use //# instead
1598402611138	Marionette	INFO	Stopped listening on port 52351
1598402612693	geckodriver	INFO	Listening on 127.0.0.1:52434
1598402615769	mozrunner::runner	INFO	Running command: "C:\\Program Files\\Mozilla Firefox\\firefox.exe" "--marionette" "-headless" "-foreground" "-no-remote" "-profile" "C:\\Users\\solia\\AppData\\Local\\Temp\\rust_mozprofilewVxgaA"
*** You are running in headless mode.
JavaScript error: resource://gre/modules/XULStore.jsm, line 66: Error: Can't find profile directory.
console.error: SearchCache: "_readCacheFile: Error reading cache file:" (new Error("", "(unknown module)"))
1598402618430	Marionette	INFO	Listening on port 52455
1598402618460	Marionette	WARN	TLS certificate errors will be ignored for this session
JavaScript warning: https://code.jquery.com/jquery-1.10.2.min.js, line 2: Using //@ to indicate sourceMappingURL pragmas is deprecated. Use //# instead
1598402621937	Marionette	INFO	Stopped listening on port 52455
1598402622738	geckodriver	INFO	Listening on 127.0.0.1:52543
1598402625836	mozrunner::runner	INFO	Running command: "C:\\Program Files\\Mozilla Firefox\\firefox.exe" "--marionette" "-headless" "-foreground" "-no-remote" "-profile" "C:\\Users\\solia\\AppData\\Local\\Temp\\rust_mozprofile2L5QIg"
*** You are running in headless mode.
JavaScript error: resource://gre/modules/XULStore.jsm, line 66: Error: Can't find profile directory.
console.error: SearchCache: "_readCacheFile: Error reading cache file:" (new Error("", "(unknown module)"))
1598402628350	Marionette	INFO	Listening on port 52563
1598402628516	Marionette	WARN	TLS certificate errors will be ignored for this session
JavaScript warning: https://code.jquery.com/jquery-1.10.2.min.js, line 2: Using //@ to indicate sourceMappingURL pragmas is deprecated. Use //# instead
1598402631268	Marionette	INFO	Stopped listening on port 52563
1598402632782	geckodriver	INFO	Listening on 127.0.0.1:52642
1598402635820	mozrunner::runner	INFO	Running command: "C:\\Program Files\\Mozilla Firefox\\firefox.exe" "--marionette" "-headless" "-foreground" "-no-remote" "-profile" "C:\\Users\\solia\\AppData\\Local\\Temp\\rust_mozprofile30YkW0"
*** You are running in headless mode.
JavaScript error: resource://gre/modules/XULStore.jsm, line 66: Error: Can't find profile directory.
console.error: SearchCache: "_readCacheFile: Error reading cache file:" (new Error("", "(unknown module)"))
1598402638515	Marionette	INFO	Listening on port 52662
1598402639011	Marionette	WARN	TLS certificate errors will be ignored for this session
JavaScript warning: https://code.jquery.com/jquery-1.10.2.min.js, line 2: Using //@ to indicate sourceMappingURL pragmas is deprecated. Use //# instead
1598402642523	Marionette	INFO	Stopped listening on port 52662
1598402642818	geckodriver	INFO	Listening on 127.0.0.1:52748
1598402645914	mozrunner::runner	INFO	Running command: "C:\\Program Files\\Mozilla Firefox\\firefox.exe" "--marionette" "-headless" "-foreground" "-no-remote" "-profile" "C:\\Users\\solia\\AppData\\Local\\Temp\\rust_mozprofileK6toCm"
*** You are running in headless mode.
JavaScript error: resource://gre/modules/XULStore.jsm, line 66: Error: Can't find profile directory.
console.error: SearchCache: "_readCacheFile: Error reading cache file:" (new Error("", "(unknown module)"))
1598402648438	Marionette	INFO	Listening on port 52767
1598402648590	Marionette	WARN	TLS certificate errors will be ignored for this session
JavaScript warning: https://code.jquery.com/jquery-1.10.2.min.js, line 2: Using //@ to indicate sourceMappingURL pragmas is deprecated. Use //# instead
1598402651570	Marionette	INFO	Stopped listening on port 52767
1598402652861	geckodriver	INFO	Listening on 127.0.0.1:52845
1598402655921	mozrunner::runner	INFO	Running command: "C:\\Program Files\\Mozilla Firefox\\firefox.exe" "--marionette" "-headless" "-foreground" "-no-remote" "-profile" "C:\\Users\\solia\\AppData\\Local\\Temp\\rust_mozprofilec893z4"
*** You are running in headless mode.
JavaScript error: resource://gre/modules/XULStore.jsm, line 66: Error: Can't find profile directory.
console.error: SearchCache: "_readCacheFile: Error reading cache file:" (new Error("", "(unknown module)"))
1598402658493	Marionette	INFO	Listening on port 52865
1598402658604	Marionette	WARN	TLS certificate errors will be ignored for this session
JavaScript warning: https://code.jquery.com/jquery-1.10.2.min.js, line 2: Using //@ to indicate sourceMappingURL pragmas is deprecated. Use //# instead
1598402661073	Marionette	INFO	Stopped listening on port 52865
1598402662908	geckodriver	INFO	Listening on 127.0.0.1:52942
1598402665987	mozrunner::runner	INFO	Running command: "C:\\Program Files\\Mozilla Firefox\\firefox.exe" "--marionette" "-headless" "-foreground" "-no-remote" "-profile" "C:\\Users\\solia\\AppData\\Local\\Temp\\rust_mozprofilefyr3Eu"
*** You are running in headless mode.
JavaScript error: resource://gre/modules/XULStore.jsm, line 66: Error: Can't find profile directory.
console.error: SearchCache: "_readCacheFile: Error reading cache file:" (new Error("", "(unknown module)"))
1598402668499	Marionette	INFO	Listening on port 52961
1598402668662	Marionette	WARN	TLS certificate errors will be ignored for this session
JavaScript warning: https://code.jquery.com/jquery-1.10.2.min.js, line 2: Using //@ to indicate sourceMappingURL pragmas is deprecated. Use //# instead
1598402671363	Marionette	INFO	Stopped listening on port 52961
1598402672934	geckodriver	INFO	Listening on 127.0.0.1:53043
1598402676033	mozrunner::runner	INFO	Running command: "C:\\Program Files\\Mozilla Firefox\\firefox.exe" "--marionette" "-headless" "-foreground" "-no-remote" "-profile" "C:\\Users\\solia\\AppData\\Local\\Temp\\rust_mozprofilesRxEkT"
*** You are running in headless mode.
JavaScript error: resource://gre/modules/XULStore.jsm, line 66: Error: Can't find profile directory.
console.error: SearchCache: "_readCacheFile: Error reading cache file:" (new Error("", "(unknown module)"))
1598402678509	Marionette	INFO	Listening on port 53062
1598402678707	Marionette	WARN	TLS certificate errors will be ignored for this session
JavaScript warning: https://code.jquery.com/jquery-1.10.2.min.js, line 2: Using //@ to indicate sourceMappingURL pragmas is deprecated. Use //# instead
1598402698454	Marionette	INFO	Stopped listening on port 53062
8402686094	mozrunner::runner	INFO	Running command: "C:\\Program Files\\Mozilla Firefox\\firefox.exe" "--marionette" "-headless" "-foreground" "-no-remote" "-profile" "C:\\Users\\solia\\AppData\\Local\\Temp\\rust_mozprofileemfEh6"
*** You are running in headless mode.
JavaScript error: resource://gre/modules/XULStore.jsm, line 66: Error: Can't find profile directory.
console.error: SearchCache: "_readCacheFile: Error reading cache file:" (new Error("", "(unknown module)"))
1598402688498	Marionette	INFO	Listening on port 53166
1598402688765	Marionette	WARN	TLS certificate errors will be ignored for this session
JavaScript warning: https://code.jquery.com/jquery-1.10.2.min.js, line 2: Using //@ to indicate sourceMappingURL pragmas is deprecated. Use //# instead
1598402691263	Marionette	INFO	Stopped listening on port 53166
1598402693045	geckodriver	INFO	Listening on 127.0.0.1:53261
1598402696099	mozrunner::runner	INFO	Running command: "C:\\Program Files\\Mozilla Firefox\\firefox.exe" "--marionette" "-headless" "-foreground" "-no-remote" "-profile" "C:\\Users\\solia\\AppData\\Local\\Temp\\rust_mozprofilewuYhIL"
*** You are running in headless mode.
JavaScript error: resource://gre/modules/XULStore.jsm, line 66: Error: Can't find profile directory.
console.error: SearchCache: "_readCacheFile: Error reading cache file:" (new Error("", "(unknown module)"))
1598402698822	Marionette	INFO	Listening on port 53287
1598402699293	Marionette	WARN	TLS certificate errors will be ignored for this session
JavaScript warning: https://code.jquery.com/jquery-1.10.2.min.js, line 2: Using //@ to indicate sourceMappingURL pragmas is deprecated. Use //# instead
1598402701837	Marionette	INFO	Stopped listening on port 53287
1598402703104	geckodriver	INFO	Listening on 127.0.0.1:53367
1598402706181	mozrunner::runner	INFO	Running command: "C:\\Program Files\\Mozilla Firefox\\firefox.exe" "--marionette" "-headless" "-foreground" "-no-remote" "-profile" "C:\\Users\\solia\\AppData\\Local\\Temp\\rust_mozprofileid6vWF"
*** You are running in headless mode.
JavaScript error: resource://gre/modules/XULStore.jsm, line 66: Error: Can't find profile directory.
console.error: SearchCache: "_readCacheFile: Error reading cache file:" (new Error("", "(unknown module)"))
1598402708759	Marionette	INFO	Listening on port 53386
1598402708874	Marionette	WARN	TLS certificate errors will be ignored for this session
JavaScript warning: https://code.jquery.com/jquery-1.10.2.min.js, line 2: Using //@ to indicate sourceMappingURL pragmas is deprecated. Use //# instead
1598402715435	Marionette	INFO	Stopped listening on port 53381598402716337	mozrunner::runner	INFO	Running command: "C:\\Program Files\\Mozilla Firefox\\firefox.exe" "--marionette" "-headless" "-foreground" "-no-remote" "-profile" "C:\\Users\\solia\\AppData\\Local\\Temp\\rust_mozprofilecowyU4"
*** You are running in headless mode.
JavaScript error: resource://gre/modules/XULStore.jsm, line 66: Error: Can't find profile directory.
console.error: SearchCache: "_readCacheFile: Error reading cache file:" (new Error("", "(unknown module)"))
1598402718745	Marionette	INFO	Listening on port 53498
1598402719015	Marionette	WARN	TLS certificate errors will be ignored for this session
JavaScript warning: https://code.jquery.com/jquery-1.10.2.min.js, line 2: Using //@ to indicate sourceMappingURL pragmas is deprecated. Use //# instead
1598402723703	Marionette	INFO	Stopped listening on port 53491598402726305	mozrunner::runner	INFO	Running command: "C:\\Program Files\\Mozilla Firefox\\firefox.exe" "--marionette" "-headless" "-foreground" "-no-remote" "-profile" "C:\\Users\\solia\\AppData\\Local\\Temp\\rust_mozprofilern3nBa"
*** You are running in headless mode.
JavaScript error: resource://gre/modules/XULStore.jsm, line 66: Error: Can't find profile directory.
console.error: SearchCache: "_readCacheFile: Error reading cache file:" (new Error("", "(unknown module)"))
1598402728764	Marionette	INFO	Listening on port 53599
1598402728997	Marionette	WARN	TLS certificate errors will be ignored for this session
JavaScript warning: https://code.jquery.com/jquery-1.10.2.min.js, line 2: Using //@ to indicate sourceMappingURL pragmas is deprecated. Use //# instead
1598402732094	Marionette	INFO	Stopped listening on port 53599
1598402733234	geckodriver	INFO	Listening on 127.0.0.1:53680
1598402736345	mozrunner::runner	INFO	Running command: "C:\\Program Files\\Mozilla Firefox\\firefox.exe" "--marionette" "-headless" "-foreground" "-no-remote" "-profile" "C:\\Users\\solia\\AppData\\Local\\Temp\\rust_mozprofilevt0uXn"
*** You are running in headless mode.
JavaScript error: resource://gre/modules/XULStore.jsm, line 66: Error: Can't find profile directory.
console.error: SearchCache: "_readCacheFile: Error reading cache file:" (new Error("", "(unknown module)"))
1598402739265	Marionette	INFO	Listening on port 53699
1598402739535	Marionette	WARN	TLS certificate errors will be ignored for this session
JavaScript warning: https://code.jquery.com/jquery-1.10.2.min.js, line 2: Using //@ to indicate sourceMappingURL pragmas is deprecated. Use //# instead
1598402744109	Marionette	INFO	Stopped listening on port 53691598402747165	mozrunner::runner	INFO	Running command: "C:\\Program Files\\Mozilla Firefox\\firefox.exe" "--marionette" "-headless" "-foreground" "-no-remote" "-profile" "C:\\Users\\solia\\AppData\\Local\\Temp\\rust_mozprofileaQPW3y"
*** You are running in headless mode.
JavaScript error: resource://gre/modules/XULStore.jsm, line 66: Error: Can't find profile directory.
console.error: SearchCache: "_readCacheFile: Error reading cache file:" (new Error("", "(unknown module)"))
1598402749590	Marionette	INFO	Listening on port 53798
1598402749836	Marionette	WARN	TLS certificate errors will be ignored for this session
JavaScript warning: https://code.jquery.com/jquery-1.10.2.min.js, line 2: Using //@ to indicate sourceMappingURL pragmas is deprecated. Use //# instead
1598402753382	Marionette	INFO	Stopped listening on port 53798
1598402753827	geckodriver	INFO	Listening on 127.0.0.1:53886
1598402756935	mozrunner::runner	INFO	Running command: "C:\\Program Files\\Mozilla Firefox\\firefox.exe" "--marionette" "-headless" "-foreground" "-no-remote" "-profile" "C:\\Users\\solia\\AppData\\Local\\Temp\\rust_mozprofilepx0wwI"
*** You are running in headless mode.
JavaScript error: resource://gre/modules/XULStore.jsm, line 66: Error: Can't find profile directory.
console.error: SearchCache: "_readCacheFile: Error reading cache file:" (new Error("", "(unknown module)"))
1598402759483	Marionette	INFO	Listening on port 53905
159841598402761934	mozrunner::runner	INFO	Running command: "C:\\Program Files\\Mozilla Firefox\\firefox.exe" "--marionette" "-headless" "-foreground" "-no-remote" "-profile" "C:\\Users\\solia\\AppData\\Local\\Temp\\rust_mozprofileFYr6nw"
**1598402766954	Marionette	INFO	Stopped listening on port 53905
://gre/modules/XULStore.jsm, line 66: Error: Can't find profile directory.
console.error: SearchCache: "_readCacheFile: Error reading cache file:" (new Error("", "(unknown module)"))
1598402764459	Marionette	INFO	Listening on port 54024
1598402764614	Marionette	WARN	TLS certificate errors will be ignored for this session
JavaScript warning: https://code.jquery.com/jquery-1.10.2.min.js, line 2: Using //@ to indicate sourceMappingURL pragmas is deprecated. Use //# instead
1598402767864	Marionette	INFO	Stopped listening on port 54024
1598402768891	geckodriver	INFO	Listening on 127.0.0.1:54121
1598402772005	mozrunner::runner	INFO	Running command: "C:\\Program Files\\Mozilla Firefox\\firefox.exe" "--marionette" "-headless" "-foreground" "-no-remote" "-profile" "C:\\Users\\solia\\AppData\\Local\\Temp\\rust_mozprofile3XoPzL"
*** You are running in headless mode.
JavaScript error: resource://gre/modules/XULStore.jsm, line 66: Error: Can't find profile directory.
console.error: SearchCache: "_readCacheFile: Error reading cache file:" (new Error("", "(unknown module)"))
1598402774533	Marionette	INFO	Listening on port 54140
1598402774689	Marionette	WARN	TLS certificate errors will be ignored for this session
JavaScript warning: https://code.jquery.com/jquery-1.10.2.min.js, line 2: Using //@ to indicate sourceMappingURL pragmas is deprecated. Use //# instead
1598402780438	Marionette	INFO	Stopped listening on port 54141598402782183	mozrunner::runner	INFO	Running command: "C:\\Program Files\\Mozilla Firefox\\firefox.exe" "--marionette" "-headless" "-foreground" "-no-remote" "-profile" "C:\\Users\\solia\\AppData\\Local\\Temp\\rust_mozprofileb1KRBO"
*** You are running in headless mode.
JavaScript error: resource://gre/modules/XULStore.jsm, line 66: Error: Can't find profile directory.
console.error: SearchCache: "_readCacheFile: Error reading cache file:" (new Error("", "(unknown module)"))
1598402784807	Marionette	INFO	Listening on port 54243
1598402784881	Marionette	WARN	TLS certificate errors will be ignored for this session
JavaScript warning: https://code.jquery.com/jquery-1.10.2.min.js, line 2: Using //@ to indicate sourceMappingURL pragmas is deprecated. Use //# instead
1598402792416	Marionette	INFO	Stopped listening on port 54243
8402792213	mozrunner::runner	INFO	Running command: "C:\\Program Files\\Mozilla Firefox\\firefox.exe" "--marionette" "-headless" "-foreground" "-no-remote" "-profile" "C:\\Users\\solia\\AppData\\Local\\Temp\\rust_mozprofilewnEMtR"
*** You are running in headless mode.
JavaScript error: resource://gre/modules/XULStore.jsm, line 66: Error: Can't find profile directory.
console.error: SearchCache: "_readCacheFile: Error reading cache file:" (new Error("", "(unknown module)"))
1598402794744	Marionette	INFO	Listening on port 54355
1598402794884	Marionette	WARN	TLS certificate errors will be ignored for this session
JavaScript warning: https://code.jquery.com/jquery-1.10.2.min.js, line 2: Using //@ to indicate sourceMappingURL pragmas is deprecated. Use //# instead
1598402798431	Marionette	INFO	Stopped listening on port 54355
1598402799029	geckodriver	INFO	Listening on 127.0.0.1:54438
1598402802145	mozrunner::runner	INFO	Running command: "C:\\Program Files\\Mozilla Firefox\\firefox.exe" "--marionette" "-headless" "-foreground" "-no-remote" "-profile" "C:\\Users\\solia\\AppData\\Local\\Temp\\rust_mozprofileOuaixF"
*** You are running in headless mode.
JavaScript error: resource://gre/modules/XULStore.jsm, line 66: Error: Can't find profile directory.
console.error: SearchCache: "_readCacheFile: Error reading cache file:" (new Error("", "(unknown module)"))
1598402804566	Marionette	INFO	Listening on port 54457
1598402804823	Marionette	WARN	TLS certificate errors will be ignored for this session
JavaScript warning: https://code.jquery.com/jquery-1.10.2.min.js, line 2: Using //@ to indicate sourceMappingURL pragmas is deprecated. Use //# instead
1598402811569	Marionette	INFO	Stopped listening on port 54451598402812357	mozrunner::runner	INFO	Running command: "C:\\Program Files\\Mozilla Firefox\\firefox.exe" "--marionette" "-headless" "-foreground" "-no-remote" "-profile" "C:\\Users\\solia\\AppData\\Local\\Temp\\rust_mozprofileAKO9pM"
*** You are running in headless mode.
JavaScript error: resource://gre/modules/XULStore.jsm, line 66: Error: Can't find profile directory.
console.error: SearchCache: "_readCacheFile: Error reading cache file:" (new Error("", "(unknown module)"))
1598402814917	Marionette	INFO	Listening on port 54559
1598402815049	Marionette	WARN	TLS certificate errors will be ignored for this session
JavaScript warning: https://code.jquery.com/jquery-1.10.2.min.js, line 2: Using //@ to indicate sourceMappingURL pragmas is deprecated. Use //# instead
1598402833341	Marionette	INFO	Stopped listening on port 54559
[Parent 23464, Gecko_IOThread] WARNING: file /builds/worker/checkouts/gecko/ipc/chromium/src/base/process_util_win.cc, line 166
-foreground" "-no-remote" "-profile" "C:\\Users\\solia\\AppData\\Local\\Temp\\rust_mozprofilehuX5NT"
*** You are running in headless mode.
JavaScript error: resource://gre/modules/XULStore.jsm, line 66: Error: Can't find profile directory.
console.error: SearchCache: "_readCacheFile: Error reading cache file:" (new Error("", "(unknown module)"))
1598402824723	Marionette	INFO	Listening on port 54671
1598402824871	Marionette	WARN	TLS certificate errors will be ignored for this session
JavaScript warning: https://code.jquery.com/jquery-1.10.2.min.js, line 2: Using //@ to indicate sourceMappingURL pragmas is deprecated. Use //# instead
1598402828996	Marionette	INFO	Stopped listening on port 54671
1598402829128	geckodriver	INFO	Listening on 127.0.0.1:54761
1598402832341	mozrunner::runner	INFO	Running command: "C:\\Program Files\\Mozilla Firefox\\firefox.exe" "--marionette" "-headless" "-foreground" "-no-remote" "-profile" "C:\\Users\\solia\\AppData\\Local\\Temp\\rust_mozprofilej3TTeu"
*** You are running in headless mode.
JavaScript error: resource://gre/modules/XULStore.jsm, line 66: Error: Can't find profile directory.
console.error: SearchCache: "_readCacheFile: Error reading cache file:" (new Error("", "(unknown module)"))
1598402834857	Marionette	INFO	Listening on port 54800
1598402835021	Marionette	WARN	TLS certificate errors will be ignored for this session
JavaScript warning: https://code.jquery.com/jquery-1.10.2.min.js, line 2: Using //@ to indicate sourceMappingURL pragmas is deprecated. Use //# instead
1598402837476	Marionette	INFO	Stopped listening on port 54800
1598402839187	geckodriver	INFO	Listening on 127.0.0.1:54884
1598402842251	mozrunner::runner	INFO	Running command: "C:\\Program Files\\Mozilla Firefox\\firefox.exe" "--marionette" "-headless" "-foreground" "-no-remote" "-profile" "C:\\Users\\solia\\AppData\\Local\\Temp\\rust_mozprofilewq6BRD"
*** You are running in headless mode.
JavaScript error: resource://gre/modules/XULStore.jsm, line 66: Error: Can't find profile directory.
console.error: SearchCache: "_readCacheFile: Error reading cache file:" (new Error("", "(unknown module)"))
1598402844776	Marionette	INFO	Listening on port 54907
1598402844933	Marionette	WARN	TLS certificate errors will be ignored for this session
JavaScript warning: https://code.jquery.com/jquery-1.10.2.min.js, line 2: Using //@ to indicate sourceMappingURL pragmas is deprecated. Use //# instead
1598402850288	Marionette	INFO	Stopped listening on port 54901598402853056	mozrunner::runner	INFO	Running command: "C:\\Program Files\\Mozilla Firefox\\firefox.exe" "--marionette" "-headless" "-foreground" "-no-remote" "-profile" "C:\\Users\\solia\\AppData\\Local\\Temp\\rust_mozprofile9qH4R1"
*** You are running in headless mode.
JavaScript error: resource://gre/modules/XULStore.jsm, line 66: Error: Can't find profile directory.
console.error: SearchCache: "_readCacheFile: Error reading cache file:" (new Error("", "(unknown module)"))
1598402855619	Marionette	INFO	Listening on port 55007
1598402855768	Marionette	WARN	TLS certificate errors will be ignored for this session
JavaScript warning: https://code.jquery.com/jquery-1.10.2.min.js, line 2: Using //@ to indicate sourceMappingURL pragmas is deprecated. Use //# instead
1598402858749	Marionette	INFO	Stopped listening on port 55007
1598402859714	geckodriver	INFO	Listening on 127.0.0.1:55087
1598402862838	mozrunner::runner	INFO	Running command: "C:\\Program Files\\Mozilla Firefox\\firefox.exe" "--marionette" "-headless" "-foreground" "-no-remote" "-profile" "C:\\Users\\solia\\AppData\\Local\\Temp\\rust_mozprofileATgfIi"
*** You are running in headless mode.
JavaScript error: resource://gre/modules/XULStore.jsm, line 66: Error: Can't find profile directory.
console.error: SearchCache: "_readCacheFile: Error reading cache file:" (new Error("", "(unknown module)"))
1598402865502	Marionette	INFO	Listening on port 55106
1598402865516	Marionette	WARN	TLS certificate errors will be ignored for this session
JavaScript warning: https://code.jquery.com/jquery-1.10.2.min.js, line 2: Using //@ to indicate sourceMappingURL pragmas is deprecated. Use //# instead
1598402868716	Marionette	INFO	Stopped listening on port 55106
1598402869760	geckodriver	INFO	Listening on 127.0.0.1:55189
1598402872855	mozrunner::runner	INFO	Running command: "C:\\Program Files\\Mozilla Firefox\\firefox.exe" "--marionette" "-headless" "-foreground" "-no-remote" "-profile" "C:\\Users\\solia\\AppData\\Local\\Temp\\rust_mozprofilezeGex5"
*** You are running in headless mode.
JavaScript error: resource://gre/modules/XULStore.jsm, line 66: Error: Can't find profile directory.
console.error: SearchCache: "_readCacheFile: Error reading cache file:" (new Error("", "(unknown module)"))
1598402875413	Marionette	INFO	Listening on port 55214
1598402875534	Marionette	WARN	TLS certificate errors will be ignored for this session
JavaScript warning: https://code.jquery.com/jquery-1.10.2.min.js, line 2: Using //@ to indicate sourceMappingURL pragmas is deprecated. Use //# instead
1598402881728	Marionette	INFO	Stopped listening on port 55211598402882876	mozrunner::runner	INFO	Running command: "C:\\Program Files\\Mozilla Firefox\\firefox.exe" "--marionette" "-headless" "-foreground" "-no-remote" "-profile" "C:\\Users\\solia\\AppData\\Local\\Temp\\rust_mozprofileM75UU9"
*** You are running in headless mode.
JavaScript error: resource://gre/modules/XULStore.jsm, line 66: Error: Can't find profile directory.
console.error: SearchCache: "_readCacheFile: Error reading cache file:" (new Error("", "(unknown module)"))
1598402885423	Marionette	INFO	Listening on port 55317
1598402885554	Marionette	WARN	TLS certificate errors will be ignored for this session
JavaScript warning: https://code.jquery.com/jquery-1.10.2.min.js, line 2: Using //@ to indicate sourceMappingURL pragmas is deprecated. Use //# instead
1598402894083	Marionette	INFO	Stopped listening on port 55317
8402893233	mozrunner::runner	INFO	Running command: "C:\\Program Files\\Mozilla Firefox\\firefox.exe" "--marionette" "-headless" "-foreground" "-no-remote" "-profile" "C:\\Users\\solia\\AppData\\Local\\Temp\\rust_mozprofileTwccS6"
*** You are running in headless mode.
JavaScript error: resource://gre/modules/XULStore.jsm, line 66: Error: Can't find profile directory.
console.error: SearchCache: "_readCacheFile: Error reading cache file:" (new Error("", "(unknown module)"))
1598402895690	Marionette	INFO	Listening on port 55425
1598402895908	Marionette	WARN	TLS certificate errors will be ignored for this session
JavaScript warning: https://code.jquery.com/jquery-1.10.2.min.js, line 2: Using //@ to indicate sourceMappingURL pragmas is deprecated. Use //# instead
1598402901069	Marionette	INFO	Stopped listening on port 55421598402903645	mozrunner::runner	INFO	Running command: "C:\\Program Files\\Mozilla Firefox\\firefox.exe" "--marionette" "-headless" "-foreground" "-no-remote" "-profile" "C:\\Users\\solia\\AppData\\Local\\Temp\\rust_mozprofileiy4tkR"
*** You are running in headless mode.
JavaScript error: resource://gre/modules/XULStore.jsm, line 66: Error: Can't find profile directory.
console.error: SearchCache: "_readCacheFile: Error reading cache file:" (new Error("", "(unknown module)"))
1598402906209	Marionette	INFO	Listening on port 55519
1598402906334	Marionette	WARN	TLS certificate errors will be ignored for this session
JavaScript warning: https://code.jquery.com/jquery-1.10.2.min.js, line 2: Using //@ to indicate sourceMappingURL pragmas is deprecated. Use //# instead
1598402910947	Marionette	INFO	Stopped listening on port 55511598402913447	mozrunner::runner	INFO	Running command: "C:\\Program Files\\Mozilla Firefox\\firefox.exe" "--marionette" "-headless" "-foreground" "-no-remote" "-profile" "C:\\Users\\solia\\AppData\\Local\\Temp\\rust_mozprofilet4Vpi8"
*** You are running in headless mode.
JavaScript error: resource://gre/modules/XULStore.jsm, line 66: Error: Can't find profile directory.
console.error: SearchCache: "_readCacheFile: Error reading cache file:" (new Error("", "(unknown module)"))
1598402916092	Marionette	INFO	Listening on port 55613
1598402916145	Marionette	WARN	TLS certificate errors will be ignored for this session
JavaScript warning: https://code.jquery.com/jquery-1.10.2.min.js, line 2: Using //@ to indicate sourceMappingURL pragmas is deprecated. Use //# instead
1598402923931	Marionette	INFO	Stopped listening on port 55613
8402923604	mozrunner::runner	INFO	Running command: "C:\\Program Files\\Mozilla Firefox\\firefox.exe" "--marionette" "-headless" "-foreground" "-no-remote" "-profile" "C:\\Users\\solia\\AppData\\Local\\Temp\\rust_mozprofile7DMRae"
*** You are running in headless mode.
JavaScript error: resource://gre/modules/XULStore.jsm, line 66: Error: Can't find profile directory.
console.error: SearchCache: "_readCacheFile: Error reading cache file:" (new Error("", "(unknown module)"))
1598402926173	Marionette	INFO	Listening on port 55730
1598402926282	Marionette	WARN	TLS certificate errors will be ignored for this session
JavaScript warning: https://code.jquery.com/jquery-1.10.2.min.js, line 2: Using //@ to indicate sourceMappingURL pragmas is deprecated. Use //# instead
1598402929066	Marionette	INFO	Stopped listening on port 55730
1598402930441	geckodriver	INFO	Listening on 127.0.0.1:55817
1598402933525	mozrunner::runner	INFO	Running command: "C:\\Program Files\\Mozilla Firefox\\firefox.exe" "--marionette" "-headless" "-foreground" "-no-remote" "-profile" "C:\\Users\\solia\\AppData\\Local\\Temp\\rust_mozprofilej0WADk"
*** You are running in headless mode.
JavaScript error: resource://gre/modules/XULStore.jsm, line 66: Error: Can't find profile directory.
console.error: SearchCache: "_readCacheFile: Error reading cache file:" (new Error("", "(unknown module)"))
1598402936144	Marionette	INFO	Listening on port 55836
1598402936219	Marionette	WARN	TLS certificate errors will be ignored for this session
JavaScript warning: https://code.jquery.com/jquery-1.10.2.min.js, line 2: Using //@ to indicate sourceMappingURL pragmas is deprecated. Use //# instead
1598402938533	Marionette	INFO	Stopped listening on port 55836
1598402940489	geckodriver	INFO	Listening on 127.0.0.1:55926
1598402943569	mozrunner::runner	INFO	Running command: "C:\\Program Files\\Mozilla Firefox\\firefox.exe" "--marionette" "-headless" "-foreground" "-no-remote" "-profile" "C:\\Users\\solia\\AppData\\Local\\Temp\\rust_mozprofileBpYavO"
*** You are running in headless mode.
JavaScript error: resource://gre/modules/XULStore.jsm, line 66: Error: Can't find profile directory.
console.error: SearchCache: "_readCacheFile: Error reading cache file:" (new Error("", "(unknown module)"))
1598402946092	Marionette	INFO	Listening on port 55950
1598402946243	Marionette	WARN	TLS certificate errors will be ignored for this session
JavaScript warning: https://code.jquery.com/jquery-1.10.2.min.js, line 2: Using //@ to indicate sourceMappingURL pragmas is deprecated. Use //# instead
1598402951205	Marionette	INFO	Stopped listening on port 55951598402953653	mozrunner::runner	INFO	Running command: "C:\\Program Files\\Mozilla Firefox\\firefox.exe" "--marionette" "-headless" "-foreground" "-no-remote" "-profile" "C:\\Users\\solia\\AppData\\Local\\Temp\\rust_mozprofile9aHtwF"
*** You are running in headless mode.
JavaScript error: resource://gre/modules/XULStore.jsm, line 66: Error: Can't find profile directory.
console.error: SearchCache: "_readCacheFile: Error reading cache file:" (new Error("", "(unknown module)"))
1598402956247	Marionette	INFO	Listening on port 56063
1598402956344	Marionette	WARN	TLS certificate errors will be ignored for this session
JavaScript warning: https://code.jquery.com/jquery-1.10.2.min.js, line 2: Using //@ to indicate sourceMappingURL pragmas is deprecated. Use //# instead
1598402963497	Marionette	INFO	Stopped listening on port 56061598402963801	mozrunner::runner	INFO	Running command: "C:\\Program Files\\Mozilla Firefox\\firefox.exe" "--marionette" "-headless" "-foreground" "-no-remote" "-profile" "C:\\Users\\solia\\AppData\\Local\\Temp\\rust_mozprofilepc5P65"
*** You are running in headless mode.
JavaScript error: resource://gre/modules/XULStore.jsm, line 66: Error: Can't find profile directory.
console.error: SearchCache: "_readCacheFile: Error reading cache file:" (new Error("", "(unknown module)"))
1598402966201	Marionette	INFO	Listening on port 56163
1598402966481	Marionette	WARN	TLS certificate errors will be ignored for this session
JavaScript warning: https://code.jquery.com/jquery-1.10.2.min.js, line 2: Using //@ to indicate sourceMappingURL pragmas is deprecated. Use //# instead
1598402969239	Marionette	INFO	Stopped listening on port 56163
1598402970625	geckodriver	INFO	Listening on 127.0.0.1:56238
1598402973728	mozrunner::runner	INFO	Running command: "C:\\Program Files\\Mozilla Firefox\\firefox.exe" "--marionette" "-headless" "-foreground" "-no-remote" "-profile" "C:\\Users\\solia\\AppData\\Local\\Temp\\rust_mozprofilenBPub0"
*** You are running in headless mode.
JavaScript error: resource://gre/modules/XULStore.jsm, line 66: Error: Can't find profile directory.
console.error: SearchCache: "_readCacheFile: Error reading cache file:" (new Error("", "(unknown module)"))
1598402976403	Marionette	INFO	Listening on port 56257
159841598402978737	mozrunner::runner	INFO	Running command: "C:\\Program Files\\Mozilla Firefox\\firefox.exe" "--marionette" "-headless" "-foreground" "-no-remote" "-profile" "C:\\Users\\solia\\AppData\\Local\\Temp\\rust_mozprofilelChSSv"
**1598402982067	Marionette	INFO	Stopped listening on port 56257
://gre/modules/XULStore.jsm, line 66: Error: Can't find profile directory.
console.error: SearchCache: "_readCacheFile: Error reading cache file:" (new Error("", "(unknown module)"))
1598402981248	Marionette	INFO	Listening on port 56352
1598402981409	Marionette	WARN	TLS certificate errors will be ignored for this session
JavaScript warning: https://code.jquery.com/jquery-1.10.2.min.js, line 2: Using //@ to indicate sourceMappingURL pragmas is deprecated. Use //# instead
1598402985773	Marionette	INFO	Stopped listening on port 56351598402988855	mozrunner::runner	INFO	Running command: "C:\\Program Files\\Mozilla Firefox\\firefox.exe" "--marionette" "-headless" "-foreground" "-no-remote" "-profile" "C:\\Users\\solia\\AppData\\Local\\Temp\\rust_mozprofiled5T4zH"
*** You are running in headless mode.
JavaScript error: resource://gre/modules/XULStore.jsm, line 66: Error: Can't find profile directory.
console.error: SearchCache: "_readCacheFile: Error reading cache file:" (new Error("", "(unknown module)"))
1598402991469	Marionette	INFO	Listening on port 56449
1598402991528	Marionette	WARN	TLS certificate errors will be ignored for this session
JavaScript warning: https://code.jquery.com/jquery-1.10.2.min.js, line 2: Using //@ to indicate sourceMappingURL pragmas is deprecated. Use //# instead
1598402994564	Marionette	INFO	Stopped listening on port 56449
1598402995823	geckodriver	INFO	Listening on 127.0.0.1:56533
1598402998949	mozrunner::runner	INFO	Running command: "C:\\Program Files\\Mozilla Firefox\\firefox.exe" "--marionette" "-headless" "-foreground" "-no-remote" "-profile" "C:\\Users\\solia\\AppData\\Local\\Temp\\rust_mozprofilePORtfg"
*** You are running in headless mode.
JavaScript error: resource://gre/modules/XULStore.jsm, line 66: Error: Can't find profile directory.
console.error: SearchCache: "_readCacheFile: Error reading cache file:" (new Error("", "(unknown module)"))
1598403001656	Marionette	INFO	Listening on port 56556
1598403002154	Marionette	WARN	TLS certificate errors will be ignored for this session
JavaScript warning: https://code.jquery.com/jquery-1.10.2.min.js, line 2: Using //@ to indicate sourceMappingURL pragmas is deprecated. Use //# instead
1598403005027	Marionette	INFO	Stopped listening on port 56556
1598403005891	geckodriver	INFO	Listening on 127.0.0.1:56633
1598403008966	mozrunner::runner	INFO	Running command: "C:\\Program Files\\Mozilla Firefox\\firefox.exe" "--marionette" "-headless" "-foreground" "-no-remote" "-profile" "C:\\Users\\solia\\AppData\\Local\\Temp\\rust_mozprofilesnyvHO"
*** You are running in headless mode.
